#
# There is insufficient memory for the Java Runtime Environment to continue.
# Native memory allocation (malloc) failed to allocate 815056 bytes for Chunk::new
# Possible reasons:
#   The system is out of physical RAM or swap space
#   The process is running with CompressedOops enabled, and the Java Heap may be blocking the growth of the native heap
# Possible solutions:
#   Reduce memory load on the system
#   Increase physical memory or swap space
#   Check if swap backing store is full
#   Decrease Java heap size (-Xmx/-Xms)
#   Decrease number of Java threads
#   Decrease Java thread stack sizes (-Xss)
#   Set larger code cache with -XX:ReservedCodeCacheSize=
#   JVM is running with Unscaled Compressed Oops mode in which the Java heap is
#     placed in the first 4GB address space. The Java Heap base address is the
#     maximum limit for the native heap growth. Please use -XX:HeapBaseMinAddress
#     to set the Java Heap base and to place the Java Heap above 4GB virtual address.
# This output file may be truncated or incomplete.
#
#  Out of Memory Error (arena.cpp:189), pid=21956, tid=18744
#
# JRE version: Java(TM) SE Runtime Environment (17.0.9+11) (build 17.0.9+11-LTS-201)
# Java VM: Java HotSpot(TM) 64-Bit Server VM (17.0.9+11-LTS-201, mixed mode, sharing, tiered, compressed oops, compressed class ptrs, g1 gc, windows-amd64)
# No core dump will be written. Minidumps are not enabled by default on client versions of Windows
#

---------------  S U M M A R Y ------------

Command Line: -Dfile.encoding=UTF-8 -Dstdout.encoding=UTF-8 -Dstderr.encoding=UTF-8 -XX:+ShowCodeDetailsInExceptionMessages -agentpath:C:\Program Files\Palo Alto Networks\Traps\cyjagent.dll com.back_spring_boot_book.BackSpringBootBookApplication

Host: 13th Gen Intel(R) Core(TM) i5-1335U, 12 cores, 7G,  Windows 11 , 64 bit Build 22621 (10.0.22621.2506)
Time: Mon Jan  8 10:03:05 2024 Paris, Madrid elapsed time: 15.221976 seconds (0d 0h 0m 15s)

---------------  T H R E A D  ---------------

Current thread (0x000001c46fca86e0):  JavaThread "C2 CompilerThread2" daemon [_thread_in_native, id=18744, stack(0x0000002d62200000,0x0000002d62300000)]


Current CompileTask:
C2:  15225 8343       4       java.util.Locale::forLanguageTag (74 bytes)

Stack: [0x0000002d62200000,0x0000002d62300000]
Native frames: (J=compiled Java code, j=interpreted, Vv=VM code, C=native code)
V  [jvm.dll+0x678a4a]
V  [jvm.dll+0x7d9cfd]
V  [jvm.dll+0x7db60e]
V  [jvm.dll+0x7dbc73]
V  [jvm.dll+0x245e1f]
V  [jvm.dll+0xaaafb]
V  [jvm.dll+0xab09c]
V  [jvm.dll+0x2ab7ef]
V  [jvm.dll+0x5812e5]
V  [jvm.dll+0x220c52]
V  [jvm.dll+0x22102f]
V  [jvm.dll+0x219f86]
V  [jvm.dll+0x217459]
V  [jvm.dll+0x1a3bc0]
V  [jvm.dll+0x2272de]
V  [jvm.dll+0x22548b]
V  [jvm.dll+0x78f58c]
V  [jvm.dll+0x78998a]
V  [jvm.dll+0x677875]
C  [ucrtbase.dll+0x29363]
C  [cyinjct.dll+0x11e7]
C  [KERNEL32.DLL+0x1257d]
C  [ntdll.dll+0x5aa58]


---------------  P R O C E S S  ---------------

Threads class SMR info:
_java_thread_list=0x000001c4739f0e00, length=31, elements={
0x000001c46a757740, 0x000001c46a75d390, 0x000001c46a76da70, 0x000001c46a76f350,
0x000001c46a7704b0, 0x000001c46f138850, 0x000001c46f13d890, 0x000001c46f140b10,
0x000001c46f14b120, 0x000001c46f25f0a0, 0x000001c46f261c20, 0x000001c4708be810,
0x000001c4701aaa00, 0x000001c471b08df0, 0x000001c47202c9b0, 0x000001c47202e810,
0x000001c4720c1990, 0x000001c47202ddf0, 0x000001c47202b570, 0x000001c47202b060,
0x000001c47202d3d0, 0x000001c47202cec0, 0x000001c47202e300, 0x000001c47202ba80,
0x000001c47211afd0, 0x000001c47211ce30, 0x000001c46fca86e0, 0x000001c47211d850,
0x000001c472118750, 0x000001c47211d340, 0x000001c47211c920
}

Java Threads: ( => current thread )
  0x000001c46a757740 JavaThread "Reference Handler" daemon [_thread_blocked, id=8520, stack(0x0000002d60300000,0x0000002d60400000)]
  0x000001c46a75d390 JavaThread "Finalizer" daemon [_thread_blocked, id=19552, stack(0x0000002d60400000,0x0000002d60500000)]
  0x000001c46a76da70 JavaThread "Signal Dispatcher" daemon [_thread_blocked, id=22492, stack(0x0000002d60500000,0x0000002d60600000)]
  0x000001c46a76f350 JavaThread "Attach Listener" daemon [_thread_blocked, id=11796, stack(0x0000002d60600000,0x0000002d60700000)]
  0x000001c46a7704b0 JavaThread "Service Thread" daemon [_thread_blocked, id=18708, stack(0x0000002d60700000,0x0000002d60800000)]
  0x000001c46f138850 JavaThread "Monitor Deflation Thread" daemon [_thread_blocked, id=10040, stack(0x0000002d60800000,0x0000002d60900000)]
  0x000001c46f13d890 JavaThread "C2 CompilerThread0" daemon [_thread_blocked, id=18908, stack(0x0000002d60900000,0x0000002d60a00000)]
  0x000001c46f140b10 JavaThread "C1 CompilerThread0" daemon [_thread_blocked, id=15236, stack(0x0000002d60a00000,0x0000002d60b00000)]
  0x000001c46f14b120 JavaThread "Sweeper thread" daemon [_thread_blocked, id=14656, stack(0x0000002d60b00000,0x0000002d60c00000)]
  0x000001c46f25f0a0 JavaThread "Notification Thread" daemon [_thread_blocked, id=17144, stack(0x0000002d60c00000,0x0000002d60d00000)]
  0x000001c46f261c20 JavaThread "Common-Cleaner" daemon [_thread_blocked, id=7164, stack(0x0000002d60e00000,0x0000002d60f00000)]
  0x000001c4708be810 JavaThread "Catalina-utility-1" [_thread_blocked, id=10120, stack(0x0000002d61a00000,0x0000002d61b00000)]
  0x000001c4701aaa00 JavaThread "Catalina-utility-2" [_thread_blocked, id=6108, stack(0x0000002d61b00000,0x0000002d61c00000)]
  0x000001c471b08df0 JavaThread "container-0" [_thread_blocked, id=23224, stack(0x0000002d61c00000,0x0000002d61d00000)]
  0x000001c47202c9b0 JavaThread "mysql-cj-abandoned-connection-cleanup" daemon [_thread_blocked, id=20760, stack(0x0000002d61d00000,0x0000002d61e00000)]
  0x000001c47202e810 JavaThread "HikariPool-1 housekeeper" daemon [_thread_blocked, id=24992, stack(0x0000002d62000000,0x0000002d62100000)]
  0x000001c4720c1990 JavaThread "C2 CompilerThread1" daemon [_thread_blocked, id=24956, stack(0x0000002d61f00000,0x0000002d62000000)]
  0x000001c47202ddf0 JavaThread "http-nio-8080-Poller" daemon [_thread_blocked, id=18800, stack(0x0000002d62300000,0x0000002d62400000)]
  0x000001c47202b570 JavaThread "http-nio-8080-Acceptor" daemon [_thread_in_native, id=15388, stack(0x0000002d62400000,0x0000002d62500000)]
  0x000001c47202b060 JavaThread "http-nio-8080-exec-1" daemon [_thread_blocked, id=23268, stack(0x0000002d62500000,0x0000002d62600000)]
  0x000001c47202d3d0 JavaThread "DestroyJavaVM" [_thread_blocked, id=5540, stack(0x0000002d5fc00000,0x0000002d5fd00000)]
  0x000001c47202cec0 JavaThread "http-nio-8080-exec-2" daemon [_thread_blocked, id=14024, stack(0x0000002d62600000,0x0000002d62700000)]
  0x000001c47202e300 JavaThread "http-nio-8080-exec-3" daemon [_thread_blocked, id=5348, stack(0x0000002d62700000,0x0000002d62800000)]
  0x000001c47202ba80 JavaThread "http-nio-8080-exec-4" daemon [_thread_blocked, id=12220, stack(0x0000002d62800000,0x0000002d62900000)]
  0x000001c47211afd0 JavaThread "http-nio-8080-exec-5" daemon [_thread_blocked, id=18388, stack(0x0000002d62900000,0x0000002d62a00000)]
  0x000001c47211ce30 JavaThread "http-nio-8080-exec-6" daemon [_thread_blocked, id=7940, stack(0x0000002d62a00000,0x0000002d62b00000)]
=>0x000001c46fca86e0 JavaThread "C2 CompilerThread2" daemon [_thread_in_native, id=18744, stack(0x0000002d62200000,0x0000002d62300000)]
  0x000001c47211d850 JavaThread "http-nio-8080-exec-7" daemon [_thread_blocked, id=8548, stack(0x0000002d62b00000,0x0000002d62c00000)]
  0x000001c472118750 JavaThread "http-nio-8080-exec-8" daemon [_thread_blocked, id=23320, stack(0x0000002d62c00000,0x0000002d62d00000)]
  0x000001c47211d340 JavaThread "http-nio-8080-exec-9" daemon [_thread_blocked, id=23216, stack(0x0000002d62d00000,0x0000002d62e00000)]
  0x000001c47211c920 JavaThread "http-nio-8080-exec-10" daemon [_thread_blocked, id=23148, stack(0x0000002d62e00000,0x0000002d62f00000)]

Other Threads:
  0x000001c46a752b80 VMThread "VM Thread" [stack: 0x0000002d60200000,0x0000002d60300000] [id=21208]
  0x000001c44cb28450 WatcherThread [stack: 0x0000002d60d00000,0x0000002d60e00000] [id=5720]
  0x000001c44cb0e410 GCTaskThread "GC Thread#0" [stack: 0x0000002d5fd00000,0x0000002d5fe00000] [id=7536]
  0x000001c46fd96bb0 GCTaskThread "GC Thread#1" [stack: 0x0000002d60f00000,0x0000002d61000000] [id=26152]
  0x000001c46fbeb040 GCTaskThread "GC Thread#2" [stack: 0x0000002d61000000,0x0000002d61100000] [id=12264]
  0x000001c46fd754c0 GCTaskThread "GC Thread#3" [stack: 0x0000002d61100000,0x0000002d61200000] [id=15620]
  0x000001c46fd75780 GCTaskThread "GC Thread#4" [stack: 0x0000002d61200000,0x0000002d61300000] [id=7500]
  0x000001c46fd7ba60 GCTaskThread "GC Thread#5" [stack: 0x0000002d61300000,0x0000002d61400000] [id=15544]
  0x000001c46fd7bd20 GCTaskThread "GC Thread#6" [stack: 0x0000002d61400000,0x0000002d61500000] [id=8464]
  0x000001c470205880 GCTaskThread "GC Thread#7" [stack: 0x0000002d61600000,0x0000002d61700000] [id=17188]
  0x000001c470205f50 GCTaskThread "GC Thread#8" [stack: 0x0000002d61700000,0x0000002d61800000] [id=2928]
  0x000001c47020b660 GCTaskThread "GC Thread#9" [stack: 0x0000002d61800000,0x0000002d61900000] [id=11776]
  0x000001c44cb1f1b0 ConcurrentGCThread "G1 Main Marker" [stack: 0x0000002d5fe00000,0x0000002d5ff00000] [id=20820]
  0x000001c44cb20730 ConcurrentGCThread "G1 Conc#0" [stack: 0x0000002d5ff00000,0x0000002d60000000] [id=21700]
  0x000001c470a58660 ConcurrentGCThread "G1 Conc#1" [stack: 0x0000002d61500000,0x0000002d61600000] [id=18392]
  0x000001c4705662d0 ConcurrentGCThread "G1 Conc#2" [stack: 0x0000002d61900000,0x0000002d61a00000] [id=3772]
  0x000001c46a5f5f90 ConcurrentGCThread "G1 Refine#0" [stack: 0x0000002d60000000,0x0000002d60100000] [id=24852]
  0x000001c46a5f68d0 ConcurrentGCThread "G1 Service" [stack: 0x0000002d60100000,0x0000002d60200000] [id=3364]

Threads with active compile tasks:
C2 CompilerThread0    15429 8471       4       com.sun.crypto.provider.GaloisCounterMode::checkInit (67 bytes)
C1 CompilerThread0    15430 8476       3       org.apache.catalina.authenticator.AuthenticatorBase::invoke (810 bytes)
C2 CompilerThread1    15431 8393       4       org.springframework.core.SerializableTypeWrapper::forTypeProvider (191 bytes)
C2 CompilerThread2    15432 8343       4       java.util.Locale::forLanguageTag (74 bytes)

VM state: at safepoint (normal execution)

VM Mutex/Monitor currently owned by a thread:  ([mutex/lock_event])
[0x000001c44cab0ab0] Threads_lock - owner thread: 0x000001c46a752b80
[0x000001c44cab0bd0] Heap_lock - owner thread: 0x000001c47211ce30

Heap address: 0x0000000084e00000, size: 1970 MB, Compressed Oops mode: 32-bit

CDS archive(s) mapped at: [0x000001c400000000-0x000001c400bd0000-0x000001c400bd0000), size 12386304, SharedBaseAddress: 0x000001c400000000, ArchiveRelocationMode: 1.
Compressed class space mapped at: 0x000001c401000000-0x000001c441000000, reserved size: 1073741824
Narrow klass base: 0x000001c400000000, Narrow klass shift: 0, Narrow klass range: 0x100000000

GC Precious Log:
 CPUs: 12 total, 12 available
 Memory: 7876M
 Large Page Support: Disabled
 NUMA Support: Disabled
 Compressed Oops: Enabled (32-bit)
 Heap Region Size: 1M
 Heap Min Capacity: 8M
 Heap Initial Capacity: 124M
 Heap Max Capacity: 1970M
 Pre-touch: Disabled
 Parallel Workers: 10
 Concurrent Workers: 3
 Concurrent Refinement Workers: 10
 Periodic GC: Disabled

Heap:
 garbage-first heap   total 48128K, used 26106K [0x0000000084e00000, 0x0000000100000000)
  region size 1024K, 1 young (1024K), 1 survivors (1024K)
 Metaspace       used 61075K, committed 61440K, reserved 1114112K
  class space    used 7823K, committed 8000K, reserved 1048576K

Heap Regions: E=young(eden), S=young(survivor), O=old, HS=humongous(starts), HC=humongous(continues), CS=collection set, F=free, OA=open archive, CA=closed archive, TAMS=top-at-mark-start (previous, next)
|   0|0x0000000084e00000, 0x0000000084f00000, 0x0000000084f00000|100%|HS|  |TAMS 0x0000000084f00000, 0x0000000084e00000| Complete 
|   1|0x0000000084f00000, 0x0000000085000000, 0x0000000085000000|100%| O|  |TAMS 0x0000000085000000, 0x0000000084f00000| Untracked 
|   2|0x0000000085000000, 0x0000000085100000, 0x0000000085100000|100%| O|  |TAMS 0x0000000085100000, 0x0000000085000000| Untracked 
|   3|0x0000000085100000, 0x0000000085200000, 0x0000000085200000|100%| O|  |TAMS 0x0000000085200000, 0x0000000085100000| Untracked 
|   4|0x0000000085200000, 0x0000000085300000, 0x0000000085300000|100%| O|  |TAMS 0x0000000085300000, 0x0000000085200000| Untracked 
|   5|0x0000000085300000, 0x0000000085400000, 0x0000000085400000|100%| O|  |TAMS 0x0000000085400000, 0x0000000085300000| Untracked 
|   6|0x0000000085400000, 0x00000000854e2e00, 0x0000000085500000| 88%| O|  |TAMS 0x00000000854e2e00, 0x0000000085400000| Untracked 
|   7|0x0000000085500000, 0x0000000085600000, 0x0000000085600000|100%| O|  |TAMS 0x0000000085600000, 0x0000000085500000| Untracked 
|   8|0x0000000085600000, 0x0000000085700000, 0x0000000085700000|100%| O|  |TAMS 0x0000000085700000, 0x0000000085600000| Untracked 
|   9|0x0000000085700000, 0x0000000085800000, 0x0000000085800000|100%| O|  |TAMS 0x0000000085800000, 0x0000000085700000| Untracked 
|  10|0x0000000085800000, 0x0000000085900000, 0x0000000085900000|100%| O|  |TAMS 0x0000000085900000, 0x0000000085800000| Untracked 
|  11|0x0000000085900000, 0x0000000085a00000, 0x0000000085a00000|100%| O|  |TAMS 0x0000000085a00000, 0x0000000085900000| Untracked 
|  12|0x0000000085a00000, 0x0000000085b00000, 0x0000000085b00000|100%| O|  |TAMS 0x0000000085b00000, 0x0000000085a00000| Untracked 
|  13|0x0000000085b00000, 0x0000000085c00000, 0x0000000085c00000|100%| O|  |TAMS 0x0000000085c00000, 0x0000000085b00000| Untracked 
|  14|0x0000000085c00000, 0x0000000085c00000, 0x0000000085d00000|  0%| F|  |TAMS 0x0000000085c00000, 0x0000000085c00000| Untracked 
|  15|0x0000000085d00000, 0x0000000085e00000, 0x0000000085e00000|100%| O|  |TAMS 0x0000000085e00000, 0x0000000085d00000| Untracked 
|  16|0x0000000085e00000, 0x0000000085f00000, 0x0000000085f00000|100%| O|  |TAMS 0x0000000085f00000, 0x0000000085e00000| Untracked 
|  17|0x0000000085f00000, 0x0000000086000000, 0x0000000086000000|100%| O|  |TAMS 0x0000000086000000, 0x0000000085f00000| Untracked 
|  18|0x0000000086000000, 0x0000000086100000, 0x0000000086100000|100%| O|  |TAMS 0x0000000086100000, 0x0000000086000000| Untracked 
|  19|0x0000000086100000, 0x0000000086200000, 0x0000000086200000|100%| O|  |TAMS 0x0000000086200000, 0x0000000086100000| Untracked 
|  20|0x0000000086200000, 0x0000000086300000, 0x0000000086300000|100%| O|  |TAMS 0x0000000086300000, 0x0000000086200000| Untracked 
|  21|0x0000000086300000, 0x0000000086400000, 0x0000000086400000|100%| O|  |TAMS 0x0000000086400000, 0x0000000086300000| Untracked 
|  22|0x0000000086400000, 0x0000000086500000, 0x0000000086500000|100%| O|  |TAMS 0x0000000086500000, 0x0000000086400000| Untracked 
|  23|0x0000000086500000, 0x0000000086600000, 0x0000000086600000|100%| O|  |TAMS 0x0000000086600000, 0x0000000086500000| Untracked 
|  24|0x0000000086600000, 0x0000000086700000, 0x0000000086700000|100%| O|  |TAMS 0x0000000086700000, 0x0000000086600000| Untracked 
|  25|0x0000000086700000, 0x0000000086800000, 0x0000000086800000|100%| O|  |TAMS 0x0000000086800000, 0x0000000086700000| Untracked 
|  26|0x0000000086800000, 0x0000000086858200, 0x0000000086900000| 34%| O|  |TAMS 0x0000000086858200, 0x0000000086800000| Untracked 
|  27|0x0000000086900000, 0x0000000086900000, 0x0000000086a00000|  0%| F|  |TAMS 0x0000000086900000, 0x0000000086900000| Untracked 
|  28|0x0000000086a00000, 0x0000000086a00000, 0x0000000086b00000|  0%| F|  |TAMS 0x0000000086a00000, 0x0000000086a00000| Untracked 
|  29|0x0000000086b00000, 0x0000000086b00000, 0x0000000086c00000|  0%| F|  |TAMS 0x0000000086b00000, 0x0000000086b00000| Untracked 
|  30|0x0000000086c00000, 0x0000000086c00000, 0x0000000086d00000|  0%| F|  |TAMS 0x0000000086c00000, 0x0000000086c00000| Untracked 
|  31|0x0000000086d00000, 0x0000000086d00000, 0x0000000086e00000|  0%| F|  |TAMS 0x0000000086d00000, 0x0000000086d00000| Untracked 
|  32|0x0000000086e00000, 0x0000000086e00000, 0x0000000086f00000|  0%| F|  |TAMS 0x0000000086e00000, 0x0000000086e00000| Untracked 
|  33|0x0000000086f00000, 0x0000000086f43930, 0x0000000087000000| 26%| S|CS|TAMS 0x0000000086f00000, 0x0000000086f00000| Complete 
|  34|0x0000000087000000, 0x0000000087000000, 0x0000000087100000|  0%| F|  |TAMS 0x0000000087000000, 0x0000000087000000| Untracked 
|  35|0x0000000087100000, 0x0000000087100000, 0x0000000087200000|  0%| F|  |TAMS 0x0000000087100000, 0x0000000087100000| Untracked 
|  36|0x0000000087200000, 0x0000000087200000, 0x0000000087300000|  0%| F|  |TAMS 0x0000000087200000, 0x0000000087200000| Untracked 
|  37|0x0000000087300000, 0x0000000087300000, 0x0000000087400000|  0%| F|  |TAMS 0x0000000087300000, 0x0000000087300000| Untracked 
|  38|0x0000000087400000, 0x0000000087400000, 0x0000000087500000|  0%| F|  |TAMS 0x0000000087400000, 0x0000000087400000| Untracked 
|  39|0x0000000087500000, 0x0000000087500000, 0x0000000087600000|  0%| F|  |TAMS 0x0000000087500000, 0x0000000087500000| Untracked 
|  68|0x0000000089200000, 0x0000000089200000, 0x0000000089300000|  0%| F|  |TAMS 0x0000000089200000, 0x0000000089200000| Untracked 
|  69|0x0000000089300000, 0x0000000089300000, 0x0000000089400000|  0%| F|  |TAMS 0x0000000089300000, 0x0000000089300000| Untracked 
|  70|0x0000000089400000, 0x0000000089400000, 0x0000000089500000|  0%| F|  |TAMS 0x0000000089400000, 0x0000000089400000| Untracked 
|  71|0x0000000089500000, 0x0000000089500000, 0x0000000089600000|  0%| F|  |TAMS 0x0000000089500000, 0x0000000089500000| Untracked 
|  72|0x0000000089600000, 0x0000000089600000, 0x0000000089700000|  0%| F|  |TAMS 0x0000000089600000, 0x0000000089600000| Untracked 
|  73|0x0000000089700000, 0x0000000089700000, 0x0000000089800000|  0%| F|  |TAMS 0x0000000089700000, 0x0000000089700000| Untracked 
| 123|0x000000008c900000, 0x000000008c900000, 0x000000008ca00000|  0%| F|  |TAMS 0x000000008c900000, 0x000000008c900000| Untracked 

Card table byte_map: [0x000001c463d70000,0x000001c464150000] _byte_map_base: 0x000001c463949000

Marking Bits (Prev, Next): (CMBitMap*) 0x000001c44cb0ea30, (CMBitMap*) 0x000001c44cb0ea70
 Prev Bits: [0x000001c464530000, 0x000001c4663f8000)
 Next Bits: [0x000001c466400000, 0x000001c4682c8000)

Polling page: 0x000001c44a960000

Metaspace:

Usage:
  Non-class:     52.00 MB used.
      Class:      7.64 MB used.
       Both:     59.64 MB used.

Virtual space:
  Non-class space:       64.00 MB reserved,      52.19 MB ( 82%) committed,  1 nodes.
      Class space:        1.00 GB reserved,       7.81 MB ( <1%) committed,  1 nodes.
             Both:        1.06 GB reserved,      60.00 MB (  6%) committed. 

Chunk freelists:
   Non-Class:  11.14 MB
       Class:  8.07 MB
        Both:  19.21 MB

MaxMetaspaceSize: unlimited
CompressedClassSpaceSize: 1.00 GB
Initial GC threshold: 21.00 MB
Current GC threshold: 99.94 MB
CDS: on
MetaspaceReclaimPolicy: balanced
 - commit_granule_bytes: 65536.
 - commit_granule_words: 8192.
 - virtual_space_node_default_size: 8388608.
 - enlarge_chunks_in_place: 1.
 - new_chunks_are_fully_committed: 0.
 - uncommit_free_chunks: 1.
 - use_allocation_guard: 0.
 - handle_deallocations: 1.


Internal statistics:

num_allocs_failed_limit: 6.
num_arena_births: 506.
num_arena_deaths: 0.
num_vsnodes_births: 2.
num_vsnodes_deaths: 0.
num_space_committed: 960.
num_space_uncommitted: 0.
num_chunks_returned_to_freelist: 6.
num_chunks_taken_from_freelist: 2646.
num_chunk_merges: 3.
num_chunk_splits: 1871.
num_chunks_enlarged: 1437.
num_inconsistent_stats: 0.

CodeHeap 'non-profiled nmethods': size=120000Kb used=4762Kb max_used=4762Kb free=115237Kb
 bounds [0x000001c45bdf0000, 0x000001c45c2a0000, 0x000001c463320000]
CodeHeap 'profiled nmethods': size=120000Kb used=17126Kb max_used=17126Kb free=102873Kb
 bounds [0x000001c454320000, 0x000001c4553e0000, 0x000001c45b850000]
CodeHeap 'non-nmethods': size=5760Kb used=1332Kb max_used=1407Kb free=4427Kb
 bounds [0x000001c45b850000, 0x000001c45bac0000, 0x000001c45bdf0000]
 total_blobs=8303 nmethods=7644 adapters=570
 compilation: enabled
              stopped_count=0, restarted_count=0
 full_count=0

Compilation events (20 events):
Event: 15.175 Thread 0x000001c46f13d890 nmethod 8415 0x000001c45c291d90 code [0x000001c45c291f00, 0x000001c45c291f98]
Event: 15.179 Thread 0x000001c46f13d890 8425       4       java.util.concurrent.atomic.AtomicLong::getAndSet (12 bytes)
Event: 15.180 Thread 0x000001c46f13d890 nmethod 8425 0x000001c45c292090 code [0x000001c45c292200, 0x000001c45c292278]
Event: 15.180 Thread 0x000001c46f13d890 8426       4       java.util.concurrent.atomic.AtomicLong::set (12 bytes)
Event: 15.181 Thread 0x000001c46f13d890 nmethod 8426 0x000001c45c292390 code [0x000001c45c292500, 0x000001c45c292578]
Event: 15.184 Thread 0x000001c46f140b10 8427       3       org.springframework.http.converter.ResourceHttpMessageConverter::supports (7 bytes)
Event: 15.184 Thread 0x000001c46f140b10 nmethod 8427 0x000001c4553ac390 code [0x000001c4553ac540, 0x000001c4553ac688]
Event: 15.187 Thread 0x000001c46f13d890 8428       4       sun.reflect.generics.reflectiveObjects.ParameterizedTypeImpl::equals (81 bytes)
Event: 15.192 Thread 0x000001c46f140b10 8430       3       org.apache.tomcat.util.threads.TaskQueue::take (43 bytes)
Event: 15.193 Thread 0x000001c46f140b10 nmethod 8430 0x000001c4553ac710 code [0x000001c4553ac900, 0x000001c4553acd58]
Event: 15.196 Thread 0x000001c46f13d890 nmethod 8428 0x000001c45c292690 code [0x000001c45c292820, 0x000001c45c292b98]
Event: 15.196 Thread 0x000001c46f13d890 8429       4       org.springframework.web.context.request.async.WebAsyncUtils::getAsyncManager (48 bytes)
Event: 15.199 Thread 0x000001c46f140b10 8432       3       sun.nio.cs.StreamEncoder::implWrite (137 bytes)
Event: 15.200 Thread 0x000001c46f140b10 nmethod 8432 0x000001c4553acf10 code [0x000001c4553ad140, 0x000001c4553ad988]
Event: 15.200 Thread 0x000001c46f140b10 8433       3       org.apache.coyote.http11.Http11Processor::handleIncompleteRequestLineRead (53 bytes)
Event: 15.201 Thread 0x000001c46f140b10 nmethod 8433 0x000001c4553adc10 code [0x000001c4553adde0, 0x000001c4553ae268]
Event: 15.201 Thread 0x000001c46f140b10 8434       3       org.springframework.context.event.AbstractApplicationEventMulticaster::getApplicationListeners (160 bytes)
Event: 15.202 Thread 0x000001c46f140b10 nmethod 8434 0x000001c4553ae410 code [0x000001c4553ae6a0, 0x000001c4553af598]
Event: 15.202 Thread 0x000001c46f140b10 8435       3       org.apache.coyote.http11.Http11OutputBuffer::recycle (10 bytes)
Event: 15.203 Thread 0x000001c46f140b10 nmethod 8435 0x000001c4553afa90 code [0x000001c4553afc40, 0x000001c4553afda8]

GC Heap History (20 events):
Event: 10.263 GC heap before
{Heap before GC invocations=11 (full 0):
 garbage-first heap   total 48128K, used 36761K [0x0000000084e00000, 0x0000000100000000)
  region size 1024K, 18 young (18432K), 3 survivors (3072K)
 Metaspace       used 52084K, committed 52416K, reserved 1114112K
  class space    used 6962K, committed 7104K, reserved 1048576K
}
Event: 10.266 GC heap after
{Heap after GC invocations=12 (full 0):
 garbage-first heap   total 48128K, used 22479K [0x0000000084e00000, 0x0000000100000000)
  region size 1024K, 3 young (3072K), 3 survivors (3072K)
 Metaspace       used 52084K, committed 52416K, reserved 1114112K
  class space    used 6962K, committed 7104K, reserved 1048576K
}
Event: 10.650 GC heap before
{Heap before GC invocations=12 (full 0):
 garbage-first heap   total 48128K, used 37839K [0x0000000084e00000, 0x0000000100000000)
  region size 1024K, 18 young (18432K), 3 survivors (3072K)
 Metaspace       used 53296K, committed 53632K, reserved 1114112K
  class space    used 7131K, committed 7296K, reserved 1048576K
}
Event: 10.655 GC heap after
{Heap after GC invocations=13 (full 0):
 garbage-first heap   total 48128K, used 23747K [0x0000000084e00000, 0x0000000100000000)
  region size 1024K, 3 young (3072K), 3 survivors (3072K)
 Metaspace       used 53296K, committed 53632K, reserved 1114112K
  class space    used 7131K, committed 7296K, reserved 1048576K
}
Event: 11.260 GC heap before
{Heap before GC invocations=13 (full 0):
 garbage-first heap   total 48128K, used 36035K [0x0000000084e00000, 0x0000000100000000)
  region size 1024K, 16 young (16384K), 3 survivors (3072K)
 Metaspace       used 55427K, committed 55744K, reserved 1114112K
  class space    used 7401K, committed 7552K, reserved 1048576K
}
Event: 11.264 GC heap after
{Heap after GC invocations=14 (full 0):
 garbage-first heap   total 48128K, used 25042K [0x0000000084e00000, 0x0000000100000000)
  region size 1024K, 2 young (2048K), 2 survivors (2048K)
 Metaspace       used 55427K, committed 55744K, reserved 1114112K
  class space    used 7401K, committed 7552K, reserved 1048576K
}
Event: 11.689 GC heap before
{Heap before GC invocations=15 (full 0):
 garbage-first heap   total 48128K, used 36306K [0x0000000084e00000, 0x0000000100000000)
  region size 1024K, 14 young (14336K), 2 survivors (2048K)
 Metaspace       used 58003K, committed 58368K, reserved 1114112K
  class space    used 7746K, committed 7936K, reserved 1048576K
}
Event: 11.697 GC heap after
{Heap after GC invocations=16 (full 0):
 garbage-first heap   total 48128K, used 26454K [0x0000000084e00000, 0x0000000100000000)
  region size 1024K, 2 young (2048K), 2 survivors (2048K)
 Metaspace       used 58003K, committed 58368K, reserved 1114112K
  class space    used 7746K, committed 7936K, reserved 1048576K
}
Event: 12.374 GC heap before
{Heap before GC invocations=16 (full 0):
 garbage-first heap   total 48128K, used 36694K [0x0000000084e00000, 0x0000000100000000)
  region size 1024K, 13 young (13312K), 2 survivors (2048K)
 Metaspace       used 58938K, committed 59328K, reserved 1114112K
  class space    used 7819K, committed 8000K, reserved 1048576K
}
Event: 12.377 GC heap after
{Heap after GC invocations=17 (full 0):
 garbage-first heap   total 48128K, used 26521K [0x0000000084e00000, 0x0000000100000000)
  region size 1024K, 1 young (1024K), 1 survivors (1024K)
 Metaspace       used 58938K, committed 59328K, reserved 1114112K
  class space    used 7819K, committed 8000K, reserved 1048576K
}
Event: 13.226 GC heap before
{Heap before GC invocations=18 (full 0):
 garbage-first heap   total 48128K, used 38809K [0x0000000084e00000, 0x0000000100000000)
  region size 1024K, 13 young (13312K), 1 survivors (1024K)
 Metaspace       used 59572K, committed 59968K, reserved 1114112K
  class space    used 7822K, committed 8000K, reserved 1048576K
}
Event: 13.228 GC heap after
{Heap after GC invocations=19 (full 0):
 garbage-first heap   total 48128K, used 26483K [0x0000000084e00000, 0x0000000100000000)
  region size 1024K, 1 young (1024K), 1 survivors (1024K)
 Metaspace       used 59572K, committed 59968K, reserved 1114112K
  class space    used 7822K, committed 8000K, reserved 1048576K
}
Event: 13.281 GC heap before
{Heap before GC invocations=19 (full 0):
 garbage-first heap   total 48128K, used 26483K [0x0000000084e00000, 0x0000000100000000)
  region size 1024K, 2 young (2048K), 1 survivors (1024K)
 Metaspace       used 59588K, committed 59968K, reserved 1114112K
  class space    used 7822K, committed 8000K, reserved 1048576K
}
Event: 13.285 GC heap after
{Heap after GC invocations=20 (full 0):
 garbage-first heap   total 48128K, used 26017K [0x0000000084e00000, 0x0000000100000000)
  region size 1024K, 1 young (1024K), 1 survivors (1024K)
 Metaspace       used 59588K, committed 59968K, reserved 1114112K
  class space    used 7822K, committed 8000K, reserved 1048576K
}
Event: 14.005 GC heap before
{Heap before GC invocations=20 (full 0):
 garbage-first heap   total 48128K, used 38305K [0x0000000084e00000, 0x0000000100000000)
  region size 1024K, 13 young (13312K), 1 survivors (1024K)
 Metaspace       used 60058K, committed 60416K, reserved 1114112K
  class space    used 7822K, committed 8000K, reserved 1048576K
}
Event: 14.007 GC heap after
{Heap after GC invocations=21 (full 0):
 garbage-first heap   total 48128K, used 26054K [0x0000000084e00000, 0x0000000100000000)
  region size 1024K, 1 young (1024K), 1 survivors (1024K)
 Metaspace       used 60058K, committed 60416K, reserved 1114112K
  class space    used 7822K, committed 8000K, reserved 1048576K
}
Event: 14.472 GC heap before
{Heap before GC invocations=22 (full 0):
 garbage-first heap   total 48128K, used 38342K [0x0000000084e00000, 0x0000000100000000)
  region size 1024K, 13 young (13312K), 1 survivors (1024K)
 Metaspace       used 60829K, committed 61248K, reserved 1114112K
  class space    used 7823K, committed 8000K, reserved 1048576K
}
Event: 14.474 GC heap after
{Heap after GC invocations=23 (full 0):
 garbage-first heap   total 48128K, used 26096K [0x0000000084e00000, 0x0000000100000000)
  region size 1024K, 1 young (1024K), 1 survivors (1024K)
 Metaspace       used 60829K, committed 61248K, reserved 1114112K
  class space    used 7823K, committed 8000K, reserved 1048576K
}
Event: 14.933 GC heap before
{Heap before GC invocations=23 (full 0):
 garbage-first heap   total 48128K, used 38384K [0x0000000084e00000, 0x0000000100000000)
  region size 1024K, 14 young (14336K), 1 survivors (1024K)
 Metaspace       used 60972K, committed 61376K, reserved 1114112K
  class space    used 7823K, committed 8000K, reserved 1048576K
}
Event: 14.937 GC heap after
{Heap after GC invocations=24 (full 0):
 garbage-first heap   total 48128K, used 26140K [0x0000000084e00000, 0x0000000100000000)
  region size 1024K, 1 young (1024K), 1 survivors (1024K)
 Metaspace       used 60972K, committed 61376K, reserved 1114112K
  class space    used 7823K, committed 8000K, reserved 1048576K
}

Deoptimization events (20 events):
Event: 14.314 Thread 0x000001c47211ce30 DEOPT PACKING pc=0x000001c45be6f5bc sp=0x0000002d62afefa0
Event: 14.314 Thread 0x000001c472118750 DEOPT PACKING pc=0x000001c45be6f5bc sp=0x0000002d62cfeca0
Event: 14.314 Thread 0x000001c47211ce30 DEOPT UNPACKING pc=0x000001c45b8a23a3 sp=0x0000002d62afeee0 mode 2
Event: 14.314 Thread 0x000001c472118750 DEOPT UNPACKING pc=0x000001c45b8a23a3 sp=0x0000002d62cfebe0 mode 2
Event: 14.320 Thread 0x000001c47202b570 Uncommon trap: trap_request=0xffffff45 fr.pc=0x000001c45bf0c0e8 relative=0x00000000000011c8
Event: 14.320 Thread 0x000001c47202b570 Uncommon trap: reason=unstable_if action=reinterpret pc=0x000001c45bf0c0e8 method=java.util.concurrent.ConcurrentHashMap.addCount(JI)V @ 7 c2
Event: 14.320 Thread 0x000001c47202b570 DEOPT PACKING pc=0x000001c45bf0c0e8 sp=0x0000002d624ff0d0
Event: 14.320 Thread 0x000001c47202b570 DEOPT UNPACKING pc=0x000001c45b8a23a3 sp=0x0000002d624fef90 mode 2
Event: 14.938 Thread 0x000001c47202ba80 Uncommon trap: trap_request=0xffffff45 fr.pc=0x000001c45c256510 relative=0x0000000000001010
Event: 14.938 Thread 0x000001c47202b060 Uncommon trap: trap_request=0xffffff45 fr.pc=0x000001c45c256510 relative=0x0000000000001010
Event: 14.938 Thread 0x000001c472118750 Uncommon trap: trap_request=0xffffff45 fr.pc=0x000001c45c256510 relative=0x0000000000001010
Event: 14.938 Thread 0x000001c47202ba80 Uncommon trap: reason=unstable_if action=reinterpret pc=0x000001c45c256510 method=org.apache.coyote.http11.Http11InputBuffer.parseRequestLine(ZII)Z @ 72 c2
Event: 14.938 Thread 0x000001c47202b060 Uncommon trap: reason=unstable_if action=reinterpret pc=0x000001c45c256510 method=org.apache.coyote.http11.Http11InputBuffer.parseRequestLine(ZII)Z @ 72 c2
Event: 14.938 Thread 0x000001c472118750 Uncommon trap: reason=unstable_if action=reinterpret pc=0x000001c45c256510 method=org.apache.coyote.http11.Http11InputBuffer.parseRequestLine(ZII)Z @ 72 c2
Event: 14.938 Thread 0x000001c47202b060 DEOPT PACKING pc=0x000001c45c256510 sp=0x0000002d625fefe0
Event: 14.938 Thread 0x000001c47202b060 DEOPT UNPACKING pc=0x000001c45b8a23a3 sp=0x0000002d625fef80 mode 2
Event: 14.938 Thread 0x000001c47202ba80 DEOPT PACKING pc=0x000001c45c256510 sp=0x0000002d628fefe0
Event: 14.938 Thread 0x000001c47202ba80 DEOPT UNPACKING pc=0x000001c45b8a23a3 sp=0x0000002d628fef80 mode 2
Event: 14.938 Thread 0x000001c472118750 DEOPT PACKING pc=0x000001c45c256510 sp=0x0000002d62cfeae0
Event: 14.939 Thread 0x000001c472118750 DEOPT UNPACKING pc=0x000001c45b8a23a3 sp=0x0000002d62cfea80 mode 2

Classes unloaded (0 events):
No events

Classes redefined (1 events):
Event: 0.314 Thread 0x000001c46a752b80 redefined class name=java.io.FileOutputStream, count=1

Internal exceptions (20 events):
Event: 10.282 Thread 0x000001c44cab5540 Exception <a 'java/lang/reflect/InvocationTargetException'{0x000000008933d3a0}> (0x000000008933d3a0) 
thrown [s\open\src\hotspot\share\runtime\reflection.cpp, line 1121]
Event: 10.284 Thread 0x000001c44cab5540 Exception <a 'java/lang/reflect/InvocationTargetException'{0x000000008934c058}> (0x000000008934c058) 
thrown [s\open\src\hotspot\share\runtime\reflection.cpp, line 1121]
Event: 10.336 Thread 0x000001c44cab5540 Exception <a 'java/lang/ClassNotFoundException'{0x00000000892cf838}: java/lang/ObjectCustomizer> (0x00000000892cf838) 
thrown [s\open\src\hotspot\share\classfile\systemDictionary.cpp, line 256]
Event: 10.337 Thread 0x000001c44cab5540 Exception <a 'java/lang/ClassNotFoundException'{0x00000000892d6798}: org/springframework/web/servlet/config/annotation/WebMvcConfigurationSupportCustomizer> (0x00000000892d6798) 
thrown [s\open\src\hotspot\share\classfile\systemDictionary.cpp, line 256]
Event: 10.337 Thread 0x000001c44cab5540 Exception <a 'java/lang/ClassNotFoundException'{0x00000000892e9d28}: org/springframework/web/servlet/config/annotation/DelegatingWebMvcConfigurationCustomizer> (0x00000000892e9d28) 
thrown [s\open\src\hotspot\share\classfile\systemDictionary.cpp, line 256]
Event: 10.338 Thread 0x000001c44cab5540 Exception <a 'java/lang/ClassNotFoundException'{0x00000000892f2158}: org/springframework/boot/autoconfigure/web/servlet/WebMvcAutoConfiguration$EnableWebMvcConfigurationCustomizer> (0x00000000892f2158) 
thrown [s\open\src\hotspot\share\classfile\systemDictionary.cpp, line 256]
Event: 10.338 Thread 0x000001c44cab5540 Exception <a 'java/lang/ClassNotFoundException'{0x0000000087505338}: org/springframework/context/ResourceLoaderAwareCustomizer> (0x0000000087505338) 
thrown [s\open\src\hotspot\share\classfile\systemDictionary.cpp, line 256]
Event: 10.338 Thread 0x000001c44cab5540 Exception <a 'java/lang/ClassNotFoundException'{0x0000000087509640}: org/springframework/beans/factory/AwareCustomizer> (0x0000000087509640) 
thrown [s\open\src\hotspot\share\classfile\systemDictionary.cpp, line 256]
Event: 10.339 Thread 0x000001c44cab5540 Exception <a 'java/lang/ClassNotFoundException'{0x000000008750cc88}: org/springframework/context/ApplicationContextAwareCustomizer> (0x000000008750cc88) 
thrown [s\open\src\hotspot\share\classfile\systemDictionary.cpp, line 256]
Event: 10.339 Thread 0x000001c44cab5540 Exception <a 'java/lang/ClassNotFoundException'{0x0000000087511a80}: org/springframework/beans/factory/AwareCustomizer> (0x0000000087511a80) 
thrown [s\open\src\hotspot\share\classfile\systemDictionary.cpp, line 256]
Event: 10.339 Thread 0x000001c44cab5540 Exception <a 'java/lang/ClassNotFoundException'{0x00000000875150a0}: org/springframework/web/context/ServletContextAwareCustomizer> (0x00000000875150a0) 
thrown [s\open\src\hotspot\share\classfile\systemDictionary.cpp, line 256]
Event: 10.339 Thread 0x000001c44cab5540 Exception <a 'java/lang/ClassNotFoundException'{0x00000000875197e0}: org/springframework/beans/factory/AwareCustomizer> (0x00000000875197e0) 
thrown [s\open\src\hotspot\share\classfile\systemDictionary.cpp, line 256]
Event: 10.570 Thread 0x000001c44cab5540 Exception <a 'java/lang/NoSuchMethodError'{0x0000000086f1ed70}: 'void java.lang.invoke.DirectMethodHandle$Holder.invokeVirtual(java.lang.Object, java.lang.Object, int)'> (0x0000000086f1ed70) 
thrown [s\open\src\hotspot\share\interpreter\linkResolver.cpp, line 759]
Event: 10.572 Thread 0x000001c44cab5540 Exception <a 'java/lang/NoSuchMethodError'{0x0000000086f39918}: 'void java.lang.invoke.DirectMethodHandle$Holder.invokeVirtual(java.lang.Object, java.lang.Object, long)'> (0x0000000086f39918) 
thrown [s\open\src\hotspot\share\interpreter\linkResolver.cpp, line 759]
Event: 10.833 Thread 0x000001c44cab5540 Exception <a 'java/lang/IncompatibleClassChangeError'{0x0000000089407960}: Found class java.lang.Object, but interface was expected> (0x0000000089407960) 
thrown [s\open\src\hotspot\share\interpreter\linkResolver.cpp, line 826]
Event: 10.970 Thread 0x000001c44cab5540 Implicit null exception at 0x000001c45beebaba to 0x000001c45beebcac
Event: 11.048 Thread 0x000001c44cab5540 Exception <a 'java/lang/NoSuchMethodError'{0x00000000873aed78}: 'java.lang.Object java.lang.invoke.DirectMethodHandle$Holder.invokeSpecial(java.lang.Object, java.lang.Object, int, java.lang.Object, int, java.lang.Object)'> (0x00000000873aed78) 
thrown [s\open\src\hotspot\share\interpreter\linkResolver.cpp, line 759]
Event: 11.050 Thread 0x000001c44cab5540 Exception <a 'java/lang/NoSuchMethodError'{0x00000000873b6b78}: 'java.lang.Object java.lang.invoke.DirectMethodHandle$Holder.newInvokeSpecial(java.lang.Object, java.lang.Object, int, java.lang.Object, int)'> (0x00000000873b6b78) 
thrown [s\open\src\hotspot\share\interpreter\linkResolver.cpp, line 759]
Event: 11.050 Thread 0x000001c44cab5540 Exception <a 'java/lang/NoSuchMethodError'{0x00000000873bac78}: 'java.lang.Object java.lang.invoke.DirectMethodHandle$Holder.invokeSpecial(java.lang.Object, java.lang.Object, java.lang.Object, int, java.lang.Object, int)'> (0x00000000873bac78) 
thrown [s\open\src\hotspot\share\interpreter\linkResolver.cpp, line 759]
Event: 11.053 Thread 0x000001c44cab5540 Exception <a 'java/lang/NoSuchMethodError'{0x00000000873c4ee0}: 'void java.lang.invoke.DirectMethodHandle$Holder.invokeVirtual(java.lang.Object, java.lang.Object)'> (0x00000000873c4ee0) 
thrown [s\open\src\hotspot\share\interpreter\linkResolver.cpp, line 759]

VM Operations (20 events):
Event: 13.281 Executing VM operation: G1CollectForAllocation
Event: 13.285 Executing VM operation: G1CollectForAllocation done
Event: 13.951 Executing VM operation: ICBufferFull
Event: 13.952 Executing VM operation: ICBufferFull done
Event: 14.004 Executing VM operation: G1CollectForAllocation
Event: 14.007 Executing VM operation: G1CollectForAllocation done
Event: 14.033 Executing VM operation: G1Concurrent
Event: 14.041 Executing VM operation: G1Concurrent done
Event: 14.052 Executing VM operation: G1Concurrent
Event: 14.052 Executing VM operation: G1Concurrent done
Event: 14.353 Executing VM operation: HandshakeAllThreads
Event: 14.353 Executing VM operation: HandshakeAllThreads done
Event: 14.471 Executing VM operation: G1CollectForAllocation
Event: 14.475 Executing VM operation: G1CollectForAllocation done
Event: 14.933 Executing VM operation: G1CollectForAllocation
Event: 14.938 Executing VM operation: G1CollectForAllocation done
Event: 14.963 Executing VM operation: G1Concurrent
Event: 14.973 Executing VM operation: G1Concurrent done
Event: 14.984 Executing VM operation: G1Concurrent
Event: 14.984 Executing VM operation: G1Concurrent done

Events (20 events):
Event: 11.749 loading class java/util/stream/LongStream done
Event: 11.749 loading class java/util/stream/DoubleStream
Event: 11.750 loading class java/util/stream/DoubleStream done
Event: 11.761 loading class java/nio/StringCharBuffer
Event: 11.761 loading class java/nio/StringCharBuffer done
Event: 11.763 loading class sun/nio/cs/ISO_8859_1$Encoder
Event: 11.763 loading class sun/nio/cs/ISO_8859_1$Encoder done
Event: 11.763 loading class sun/nio/cs/Surrogate$Parser
Event: 11.764 loading class sun/nio/cs/Surrogate$Parser done
Event: 11.764 loading class sun/nio/cs/Surrogate
Event: 11.764 loading class sun/nio/cs/Surrogate done
Event: 11.801 Thread 0x000001c47211d850 Thread added: 0x000001c47211d850
Event: 11.801 Thread 0x000001c472118750 Thread added: 0x000001c472118750
Event: 11.804 Thread 0x000001c47211d340 Thread added: 0x000001c47211d340
Event: 11.806 Thread 0x000001c47211c920 Thread added: 0x000001c47211c920
Event: 12.085 loading class java/util/concurrent/ConcurrentLinkedQueue$Itr
Event: 12.086 loading class java/util/concurrent/ConcurrentLinkedQueue$Itr done
Event: 13.214 Thread 0x000001c47202c4a0 Thread exited: 0x000001c47202c4a0
Event: 14.353 Thread 0x000001c46f14b120 flushing nmethod 0x000001c45be81b90
Event: 14.355 Thread 0x000001c46f14b120 flushing nmethod 0x000001c45c0da490


Dynamic libraries:
0x00007ff7629a0000 - 0x00007ff7629b0000 	C:\Program Files\Java\jdk-17\bin\javaw.exe
0x00007ffe39970000 - 0x00007ffe39b87000 	C:\Windows\SYSTEM32\ntdll.dll
0x00007ffe396b0000 - 0x00007ffe39774000 	C:\Windows\System32\KERNEL32.DLL
0x00007ffe39300000 - 0x00007ffe396a5000 	C:\Windows\System32\KERNELBASE.dll
0x000000007e340000 - 0x000000007e37b000 	C:\Windows\System32\cyinjct.dll
0x00007ffe39190000 - 0x00007ffe3919c000 	C:\Windows\System32\ntnativeapi.dll
0x00007ffe21c50000 - 0x00007ffe21c69000 	C:\Program Files\Java\jdk-17\bin\jli.dll
0x00007ffe385d0000 - 0x00007ffe38681000 	C:\Windows\System32\ADVAPI32.dll
0x00007ffe38870000 - 0x00007ffe38917000 	C:\Windows\System32\msvcrt.dll
0x00007ffe387c0000 - 0x00007ffe38866000 	C:\Windows\System32\sechost.dll
0x00007ffe391e0000 - 0x00007ffe392f7000 	C:\Windows\System32\RPCRT4.dll
0x000001c44a5b0000 - 0x000001c44a75e000 	C:\Windows\System32\USER32.dll
0x00007ffe36f30000 - 0x00007ffe36f56000 	C:\Windows\System32\win32u.dll
0x00007ffe39020000 - 0x00007ffe39049000 	C:\Windows\System32\GDI32.dll
0x00007ffe36c30000 - 0x00007ffe36d49000 	C:\Windows\System32\gdi32full.dll
0x00007ffe36d50000 - 0x00007ffe36dea000 	C:\Windows\System32\msvcp_win.dll
0x000001c44a760000 - 0x000001c44a871000 	C:\Windows\System32\ucrtbase.dll
0x00007ffe1cfe0000 - 0x00007ffe1cffb000 	C:\Program Files\Java\jdk-17\bin\VCRUNTIME140.dll
0x00007ffe159e0000 - 0x00007ffe15c73000 	C:\Windows\WinSxS\amd64_microsoft.windows.common-controls_6595b64144ccf1df_6.0.22621.2506_none_270c5ae97388e100\COMCTL32.dll
0x00007ffe1c5b0000 - 0x00007ffe1c5ba000 	C:\Windows\SYSTEM32\VERSION.dll
0x00007ffe39170000 - 0x00007ffe3918e000 	C:\Windows\System32\cyvera.dll
0x00007ffe39100000 - 0x00007ffe3916e000 	C:\Windows\System32\cyvrtrap.dll
0x00007ffe38a70000 - 0x00007ffe38aa1000 	C:\Windows\System32\IMM32.DLL
0x00007ffe2f320000 - 0x00007ffe2f32c000 	C:\Program Files\Java\jdk-17\bin\vcruntime140_1.dll
0x00007ffdfe1a0000 - 0x00007ffdfe22e000 	C:\Program Files\Java\jdk-17\bin\msvcp140.dll
0x00007ffddd060000 - 0x00007ffdddc41000 	C:\Program Files\Java\jdk-17\bin\server\jvm.dll
0x00007ffe37680000 - 0x00007ffe37688000 	C:\Windows\System32\PSAPI.DLL
0x00007ffde6dd0000 - 0x00007ffde6dd9000 	C:\Windows\SYSTEM32\WSOCK32.dll
0x00007ffe381c0000 - 0x00007ffe38231000 	C:\Windows\System32\WS2_32.dll
0x00007ffe2c850000 - 0x00007ffe2c884000 	C:\Windows\SYSTEM32\WINMM.dll
0x00007ffe35a90000 - 0x00007ffe35aa8000 	C:\Windows\SYSTEM32\kernel.appcore.dll
0x00007ffe2e7e0000 - 0x00007ffe2e7ea000 	C:\Program Files\Java\jdk-17\bin\jimage.dll
0x00007ffe342a0000 - 0x00007ffe344d3000 	C:\Windows\SYSTEM32\DBGHELP.DLL
0x00007ffe38240000 - 0x00007ffe385c9000 	C:\Windows\System32\combase.dll
0x00007ffe38f40000 - 0x00007ffe39017000 	C:\Windows\System32\OLEAUT32.dll
0x00007ffe30aa0000 - 0x00007ffe30ad2000 	C:\Windows\SYSTEM32\dbgcore.DLL
0x00007ffe36eb0000 - 0x00007ffe36f2a000 	C:\Windows\System32\bcryptPrimitives.dll
0x00007ffe390c0000 - 0x00007ffe390f7000 	C:\Program Files\Palo Alto Networks\Traps\cyjagent.dll
0x00007ffe1c860000 - 0x00007ffe1c885000 	C:\Program Files\Java\jdk-17\bin\java.dll
0x00007ffdfc5c0000 - 0x00007ffdfc697000 	C:\Program Files\Java\jdk-17\bin\jsvml.dll
0x00007ffe37960000 - 0x00007ffe381b9000 	C:\Windows\System32\SHELL32.dll
0x00007ffe347c0000 - 0x00007ffe350b4000 	C:\Windows\SYSTEM32\windows.storage.dll
0x00007ffe34680000 - 0x00007ffe347be000 	C:\Windows\SYSTEM32\wintypes.dll
0x00007ffe37770000 - 0x00007ffe37863000 	C:\Windows\System32\SHCORE.dll
0x00007ffe37690000 - 0x00007ffe376ee000 	C:\Windows\System32\shlwapi.dll
0x00007ffe36af0000 - 0x00007ffe36b16000 	C:\Windows\SYSTEM32\profapi.dll
0x00007ffe1b0d0000 - 0x00007ffe1b0e9000 	C:\Program Files\Java\jdk-17\bin\net.dll
0x00007ffe35ab0000 - 0x00007ffe35be7000 	C:\Windows\SYSTEM32\WINHTTP.dll
0x00007ffe36040000 - 0x00007ffe360a9000 	C:\Windows\system32\mswsock.dll
0x00007ffe1b0b0000 - 0x00007ffe1b0c6000 	C:\Program Files\Java\jdk-17\bin\nio.dll
0x00007ffe1c5d0000 - 0x00007ffe1c5e8000 	C:\Program Files\Java\jdk-17\bin\zip.dll
0x00007ffe269f0000 - 0x00007ffe26a00000 	C:\Program Files\Java\jdk-17\bin\verify.dll
0x00007ffe30020000 - 0x00007ffe3002a000 	C:\Program Files\Java\jdk-17\bin\management.dll
0x00007ffe30010000 - 0x00007ffe3001b000 	C:\Program Files\Java\jdk-17\bin\management_ext.dll
0x00007ffe01370000 - 0x00007ffe01387000 	C:\Windows\system32\napinsp.dll
0x00007ffe01390000 - 0x00007ffe013ab000 	C:\Windows\system32\pnrpnsp.dll
0x00007ffe35340000 - 0x00007ffe35439000 	C:\Windows\SYSTEM32\DNSAPI.dll
0x00007ffe35310000 - 0x00007ffe3533d000 	C:\Windows\SYSTEM32\IPHLPAPI.DLL
0x00007ffe37670000 - 0x00007ffe37679000 	C:\Windows\System32\NSI.dll
0x00007ffe013b0000 - 0x00007ffe013c1000 	C:\Windows\System32\winrnr.dll
0x00007ffe2f700000 - 0x00007ffe2f715000 	C:\Windows\system32\wshbth.dll
0x00007ffe012a0000 - 0x00007ffe012c1000 	C:\Windows\system32\nlansp_c.dll
0x00007ffe300d0000 - 0x00007ffe300da000 	C:\Windows\System32\rasadhlp.dll
0x00007ffe2fab0000 - 0x00007ffe2fb33000 	C:\Windows\System32\fwpuclnt.dll
0x00007ffe363c0000 - 0x00007ffe363db000 	C:\Windows\SYSTEM32\CRYPTSP.dll
0x00007ffe359f0000 - 0x00007ffe35a25000 	C:\Windows\system32\rsaenh.dll
0x00007ffe360e0000 - 0x00007ffe3610c000 	C:\Windows\SYSTEM32\USERENV.dll
0x00007ffe36570000 - 0x00007ffe36598000 	C:\Windows\SYSTEM32\bcrypt.dll
0x00007ffe36390000 - 0x00007ffe3639c000 	C:\Windows\SYSTEM32\CRYPTBASE.dll
0x00007ffe27190000 - 0x00007ffe271a9000 	C:\Windows\SYSTEM32\dhcpcsvc6.DLL
0x00007ffe27170000 - 0x00007ffe2718f000 	C:\Windows\SYSTEM32\dhcpcsvc.DLL
0x00007ffe21d00000 - 0x00007ffe21d0e000 	C:\Program Files\Java\jdk-17\bin\sunmscapi.dll
0x00007ffe37080000 - 0x00007ffe371e6000 	C:\Windows\System32\CRYPT32.dll
0x00007ffe36540000 - 0x00007ffe3656d000 	C:\Windows\SYSTEM32\ncrypt.dll
0x00007ffe36500000 - 0x00007ffe36537000 	C:\Windows\SYSTEM32\NTASN1.dll
0x00007ffdfdfe0000 - 0x00007ffdfdfe8000 	C:\Windows\system32\wshunix.dll

dbghelp: loaded successfully - version: 4.0.5 - missing functions: none
symbol engine: initialized successfully - sym options: 0x614 - pdb path: .;C:\Program Files\Java\jdk-17\bin;C:\Windows\SYSTEM32;C:\Windows\WinSxS\amd64_microsoft.windows.common-controls_6595b64144ccf1df_6.0.22621.2506_none_270c5ae97388e100;C:\Program Files\Java\jdk-17\bin\server;C:\Program Files\Palo Alto Networks\Traps

VM Arguments:
jvm_args: -Dfile.encoding=UTF-8 -Dstdout.encoding=UTF-8 -Dstderr.encoding=UTF-8 -XX:+ShowCodeDetailsInExceptionMessages -agentpath:C:\Program Files\Palo Alto Networks\Traps\cyjagent.dll 
java_command: com.back_spring_boot_book.BackSpringBootBookApplication
java_class_path (initial): C:\Users\arthur.ferey\Documents\projets\spring\back_spring_boot_book\target\classes;C:\Users\arthur.ferey\.m2\repository\org\springframework\boot\spring-boot-starter-data-jpa\2.6.3\spring-boot-starter-data-jpa-2.6.3.jar;C:\Users\arthur.ferey\.m2\repository\org\springframework\boot\spring-boot-starter-aop\2.6.3\spring-boot-starter-aop-2.6.3.jar;C:\Users\arthur.ferey\.m2\repository\org\springframework\spring-aop\5.3.15\spring-aop-5.3.15.jar;C:\Users\arthur.ferey\.m2\repository\org\aspectj\aspectjweaver\1.9.7\aspectjweaver-1.9.7.jar;C:\Users\arthur.ferey\.m2\repository\org\springframework\boot\spring-boot-starter-jdbc\2.6.3\spring-boot-starter-jdbc-2.6.3.jar;C:\Users\arthur.ferey\.m2\repository\com\zaxxer\HikariCP\4.0.3\HikariCP-4.0.3.jar;C:\Users\arthur.ferey\.m2\repository\org\springframework\spring-jdbc\5.3.15\spring-jdbc-5.3.15.jar;C:\Users\arthur.ferey\.m2\repository\jakarta\transaction\jakarta.transaction-api\1.3.3\jakarta.transaction-api-1.3.3.jar;C:\Users\arthur.ferey\.m2\repository\jakarta\persistence\jakarta.persistence-api\2.2.3\jakarta.persistence-api-2.2.3.jar;C:\Users\arthur.ferey\.m2\repository\org\hibernate\hibernate-core\5.6.4.Final\hibernate-core-5.6.4.Final.jar;C:\Users\arthur.ferey\.m2\repository\org\jboss\logging\jboss-logging\3.4.3.Final\jboss-logging-3.4.3.Final.jar;C:\Users\arthur.ferey\.m2\repository\net\bytebuddy\byte-buddy\1.11.22\byte-buddy-1.11.22.jar;C:\Users\arthur.ferey\.m2\repository\antlr\antlr\2.7.7\antlr-2.7.7.jar;C:\Users\arthur.ferey\.m2\repository\org\jboss\jandex\2.4.2.Final\jandex-2.4.2.Final.jar;C:\Users\arthur.ferey\.m2\repository\com\fasterxml\classmate\1.5.1\classmate-1.5.1.jar;C:\Users\arthur.ferey\.m2\repository\org\hibernate\common\hibernate-commons-annotations\5.1.2.Final\hibernate-commons-annotations-5.1.2.Final.jar;C:\Users\arthur.ferey\.m2\repository\org\glassfish\jaxb\jaxb-runtime\2.3.5\jaxb-runtime-2.3.5.jar;C:\Users\arthur.ferey\.m2\repository\org\glassfish\jaxb\txw2\2.3.5\txw2-2.3.5.ja
Launcher Type: SUN_STANDARD

[Global flags]
     intx CICompilerCount                          = 4                                         {product} {ergonomic}
     uint ConcGCThreads                            = 3                                         {product} {ergonomic}
     uint G1ConcRefinementThreads                  = 10                                        {product} {ergonomic}
   size_t G1HeapRegionSize                         = 1048576                                   {product} {ergonomic}
    uintx GCDrainStackTargetSize                   = 64                                        {product} {ergonomic}
   size_t InitialHeapSize                          = 130023424                                 {product} {ergonomic}
   size_t MarkStackSize                            = 4194304                                   {product} {ergonomic}
   size_t MaxHeapSize                              = 2065694720                                {product} {ergonomic}
   size_t MaxNewSize                               = 1239416832                                {product} {ergonomic}
   size_t MinHeapDeltaBytes                        = 1048576                                   {product} {ergonomic}
   size_t MinHeapSize                              = 8388608                                   {product} {ergonomic}
    uintx NonNMethodCodeHeapSize                   = 5839372                                {pd product} {ergonomic}
    uintx NonProfiledCodeHeapSize                  = 122909434                              {pd product} {ergonomic}
    uintx ProfiledCodeHeapSize                     = 122909434                              {pd product} {ergonomic}
    uintx ReservedCodeCacheSize                    = 251658240                              {pd product} {ergonomic}
     bool SegmentedCodeCache                       = true                                      {product} {ergonomic}
     bool ShowCodeDetailsInExceptionMessages       = true                                   {manageable} {command line}
   size_t SoftMaxHeapSize                          = 2065694720                             {manageable} {ergonomic}
     bool UseCompressedClassPointers               = true                           {product lp64_product} {ergonomic}
     bool UseCompressedOops                        = true                           {product lp64_product} {ergonomic}
     bool UseG1GC                                  = true                                      {product} {ergonomic}
     bool UseLargePagesIndividualAllocation        = false                                  {pd product} {ergonomic}

Logging:
Log output configuration:
 #0: stdout all=warning uptime,level,tags
 #1: stderr all=off uptime,level,tags

Environment Variables:
PATH=C:\Program Files\Common Files\Oracle\Java\javapath;C:\Windows\system32;C:\Windows;C:\Windows\System32\Wbem;C:\Windows\System32\WindowsPowerShell\v1.0\;C:\Windows\System32\OpenSSH\;C:\Program Files\nodejs\;C:\Program Files\MySQL\MySQL Shell 8.0\bin\;C:\Users\arthur.ferey\AppData\Local\Microsoft\WindowsApps;C:\Users\arthur.ferey\AppData\Local\Programs\Microsoft VS Code\bin;C:\Users\arthur.ferey\AppData\Local\Programs\Git\cmd;C:\Users\arthur.ferey\AppData\Roaming\npm
USERNAME=arthur.ferey
OS=Windows_NT
PROCESSOR_IDENTIFIER=Intel64 Family 6 Model 186 Stepping 3, GenuineIntel



---------------  S Y S T E M  ---------------

OS:
 Windows 11 , 64 bit Build 22621 (10.0.22621.2506)
OS uptime: 4 days 2:00 hours
Hyper-V role detected

CPU: total 12 (initial active 12) (6 cores per cpu, 2 threads per core) family 6 model 186 stepping 3 microcode 0x4114, cx8, cmov, fxsr, ht, mmx, 3dnowpref, sse, sse2, sse3, ssse3, sse4.1, sse4.2, popcnt, lzcnt, tsc, tscinvbit, avx, avx2, aes, erms, clmul, bmi1, bmi2, adx, sha, fma, vzeroupper, clflush, clflushopt, clwb, hv

Memory: 4k page, system-wide physical 7876M (413M free)
TotalPageFile size 32452M (AvailPageFile size 7M)
current process WorkingSet (physical memory assigned to process): 240M, peak: 241M
current process commit charge ("private bytes"): 297M, peak: 309M

vm_info: Java HotSpot(TM) 64-Bit Server VM (17.0.9+11-LTS-201) for windows-amd64 JRE (17.0.9+11-LTS-201), built on Oct 10 2023 23:16:06 by "mach5one" with MS VC++ 17.1 (VS2022)

END.
